2025-09-26 09:27:28 INFO  [org.hibernate.jpa.internal.util.LogHelper] o.h.jpa.internal.util.LogHelper - HHH000204: Processing PersistenceUnitInfo [name: Logistic]
2025-09-26 09:27:28 INFO  [org.hibernate.Version] org.hibernate.Version - HHH000412: Hibernate ORM core version 6.5.2.Final
2025-09-26 09:27:28 INFO  [org.hibernate.cache.internal.RegionFactoryInitiator] o.h.c.i.RegionFactoryInitiator - HHH000026: Second-level cache disabled
2025-09-26 09:27:28 WARN  [org.hibernate.orm.connections.pooling] o.hibernate.orm.connections.pooling - HHH10001002: Using built-in connection pool (not intended for production use)
2025-09-26 09:27:28 INFO  [org.hibernate.orm.connections.pooling] o.hibernate.orm.connections.pooling - HHH10001005: Loaded JDBC driver class: com.microsoft.sqlserver.jdbc.SQLServerDriver
2025-09-26 09:27:28 INFO  [org.hibernate.orm.connections.pooling] o.hibernate.orm.connections.pooling - HHH10001012: Connecting with JDBC URL [jdbc:sqlserver://acceleratron.in:3133;databaseName=parthi_erp;encrypt=false]
2025-09-26 09:27:28 INFO  [org.hibernate.orm.connections.pooling] o.hibernate.orm.connections.pooling - HHH10001001: Connection properties: {password=****, user=acc}
2025-09-26 09:27:28 INFO  [org.hibernate.orm.connections.pooling] o.hibernate.orm.connections.pooling - HHH10001003: Autocommit mode: false
2025-09-26 09:27:28 INFO  [org.hibernate.orm.connections.pooling] o.hibernate.orm.connections.pooling - HHH10001115: Connection pool size: 20 (min=1)
2025-09-26 09:27:29 WARN  [org.hibernate.orm.deprecation] org.hibernate.orm.deprecation - HHH90000025: SQLServerDialect does not need to be specified explicitly using 'hibernate.dialect' (remove the property setting and it will be selected by default)
2025-09-26 09:27:30 INFO  [org.hibernate.engine.transaction.jta.platform.internal.JtaPlatformInitiator] o.h.e.t.j.p.i.JtaPlatformInitiator - HHH000489: No JTA platform available (set 'hibernate.transaction.jta.platform' to enable JTA platform integration)
2025-09-26 09:27:30 INFO  [org.hibernate.orm.connections.access] o.hibernate.orm.connections.access - HHH10001501: Connection obtained from JdbcConnectionAccess [org.hibernate.engine.jdbc.env.internal.JdbcEnvironmentInitiator$ConnectionProviderJdbcConnectionAccess@2d9c4807] for (non-JTA) DDL execution was not in auto-commit mode; the Connection 'local transaction' will be committed and the Connection will be set into auto-commit mode.
2025-09-26 09:27:30 INFO  [in.parthi.core.repository.ProductRepo] i.parthi.core.repository.ProductRepo - Largest Product ID: SA-005
2025-09-26 09:27:30 INFO  [org.hibernate.orm.connections.pooling] o.hibernate.orm.connections.pooling - HHH10001008: Cleaning up connection pool [jdbc:sqlserver://acceleratron.in:3133;databaseName=parthi_erp;encrypt=false]
2025-09-26 09:27:38 INFO  [org.hibernate.jpa.internal.util.LogHelper] o.h.jpa.internal.util.LogHelper - HHH000204: Processing PersistenceUnitInfo [name: Logistic]
2025-09-26 09:27:38 INFO  [org.hibernate.cache.internal.RegionFactoryInitiator] o.h.c.i.RegionFactoryInitiator - HHH000026: Second-level cache disabled
2025-09-26 09:27:38 WARN  [org.hibernate.orm.connections.pooling] o.hibernate.orm.connections.pooling - HHH10001002: Using built-in connection pool (not intended for production use)
2025-09-26 09:27:38 INFO  [org.hibernate.orm.connections.pooling] o.hibernate.orm.connections.pooling - HHH10001005: Loaded JDBC driver class: com.microsoft.sqlserver.jdbc.SQLServerDriver
2025-09-26 09:27:38 INFO  [org.hibernate.orm.connections.pooling] o.hibernate.orm.connections.pooling - HHH10001012: Connecting with JDBC URL [jdbc:sqlserver://acceleratron.in:3133;databaseName=parthi_erp;encrypt=false]
2025-09-26 09:27:38 INFO  [org.hibernate.orm.connections.pooling] o.hibernate.orm.connections.pooling - HHH10001001: Connection properties: {password=****, user=acc}
2025-09-26 09:27:38 INFO  [org.hibernate.orm.connections.pooling] o.hibernate.orm.connections.pooling - HHH10001003: Autocommit mode: false
2025-09-26 09:27:38 INFO  [org.hibernate.orm.connections.pooling] o.hibernate.orm.connections.pooling - HHH10001115: Connection pool size: 20 (min=1)
2025-09-26 09:27:38 WARN  [org.hibernate.orm.deprecation] org.hibernate.orm.deprecation - HHH90000025: SQLServerDialect does not need to be specified explicitly using 'hibernate.dialect' (remove the property setting and it will be selected by default)
2025-09-26 09:27:38 INFO  [org.hibernate.engine.transaction.jta.platform.internal.JtaPlatformInitiator] o.h.e.t.j.p.i.JtaPlatformInitiator - HHH000489: No JTA platform available (set 'hibernate.transaction.jta.platform' to enable JTA platform integration)
2025-09-26 09:27:38 INFO  [org.hibernate.orm.connections.access] o.hibernate.orm.connections.access - HHH10001501: Connection obtained from JdbcConnectionAccess [org.hibernate.engine.jdbc.env.internal.JdbcEnvironmentInitiator$ConnectionProviderJdbcConnectionAccess@301dffae] for (non-JTA) DDL execution was not in auto-commit mode; the Connection 'local transaction' will be committed and the Connection will be set into auto-commit mode.
2025-09-26 09:27:38 INFO  [in.parthi.core.repository.ProductRepo] i.parthi.core.repository.ProductRepo - Largest Product ID: SA-005
2025-09-26 09:27:38 INFO  [org.hibernate.orm.connections.pooling] o.hibernate.orm.connections.pooling - HHH10001008: Cleaning up connection pool [jdbc:sqlserver://acceleratron.in:3133;databaseName=parthi_erp;encrypt=false]
2025-09-26 09:28:04 INFO  [org.hibernate.jpa.internal.util.LogHelper] o.h.jpa.internal.util.LogHelper - HHH000204: Processing PersistenceUnitInfo [name: Logistic]
2025-09-26 09:28:04 INFO  [org.hibernate.cache.internal.RegionFactoryInitiator] o.h.c.i.RegionFactoryInitiator - HHH000026: Second-level cache disabled
2025-09-26 09:28:04 WARN  [org.hibernate.orm.connections.pooling] o.hibernate.orm.connections.pooling - HHH10001002: Using built-in connection pool (not intended for production use)
2025-09-26 09:28:04 INFO  [org.hibernate.orm.connections.pooling] o.hibernate.orm.connections.pooling - HHH10001005: Loaded JDBC driver class: com.microsoft.sqlserver.jdbc.SQLServerDriver
2025-09-26 09:28:04 INFO  [org.hibernate.orm.connections.pooling] o.hibernate.orm.connections.pooling - HHH10001012: Connecting with JDBC URL [jdbc:sqlserver://acceleratron.in:3133;databaseName=parthi_erp;encrypt=false]
2025-09-26 09:28:04 INFO  [org.hibernate.orm.connections.pooling] o.hibernate.orm.connections.pooling - HHH10001001: Connection properties: {password=****, user=acc}
2025-09-26 09:28:04 INFO  [org.hibernate.orm.connections.pooling] o.hibernate.orm.connections.pooling - HHH10001003: Autocommit mode: false
2025-09-26 09:28:04 INFO  [org.hibernate.orm.connections.pooling] o.hibernate.orm.connections.pooling - HHH10001115: Connection pool size: 20 (min=1)
2025-09-26 09:28:05 WARN  [org.hibernate.orm.deprecation] org.hibernate.orm.deprecation - HHH90000025: SQLServerDialect does not need to be specified explicitly using 'hibernate.dialect' (remove the property setting and it will be selected by default)
2025-09-26 09:28:05 INFO  [org.hibernate.engine.transaction.jta.platform.internal.JtaPlatformInitiator] o.h.e.t.j.p.i.JtaPlatformInitiator - HHH000489: No JTA platform available (set 'hibernate.transaction.jta.platform' to enable JTA platform integration)
2025-09-26 09:28:05 INFO  [org.hibernate.orm.connections.access] o.hibernate.orm.connections.access - HHH10001501: Connection obtained from JdbcConnectionAccess [org.hibernate.engine.jdbc.env.internal.JdbcEnvironmentInitiator$ConnectionProviderJdbcConnectionAccess@1ee099fb] for (non-JTA) DDL execution was not in auto-commit mode; the Connection 'local transaction' will be committed and the Connection will be set into auto-commit mode.
2025-09-26 09:28:05 INFO  [org.hibernate.orm.connections.pooling] o.hibernate.orm.connections.pooling - HHH10001008: Cleaning up connection pool [jdbc:sqlserver://acceleratron.in:3133;databaseName=parthi_erp;encrypt=false]
2025-09-26 09:28:05 WARN  [in.parthi.core.service.ProductService] i.parthi.core.service.ProductService - Product with id: SA-006 not found in database
2025-09-26 09:28:05 INFO  [org.hibernate.jpa.internal.util.LogHelper] o.h.jpa.internal.util.LogHelper - HHH000204: Processing PersistenceUnitInfo [name: Logistic]
2025-09-26 09:28:05 INFO  [org.hibernate.cache.internal.RegionFactoryInitiator] o.h.c.i.RegionFactoryInitiator - HHH000026: Second-level cache disabled
2025-09-26 09:28:05 WARN  [org.hibernate.orm.connections.pooling] o.hibernate.orm.connections.pooling - HHH10001002: Using built-in connection pool (not intended for production use)
2025-09-26 09:28:05 INFO  [org.hibernate.orm.connections.pooling] o.hibernate.orm.connections.pooling - HHH10001005: Loaded JDBC driver class: com.microsoft.sqlserver.jdbc.SQLServerDriver
2025-09-26 09:28:05 INFO  [org.hibernate.orm.connections.pooling] o.hibernate.orm.connections.pooling - HHH10001012: Connecting with JDBC URL [jdbc:sqlserver://acceleratron.in:3133;databaseName=parthi_erp;encrypt=false]
2025-09-26 09:28:05 INFO  [org.hibernate.orm.connections.pooling] o.hibernate.orm.connections.pooling - HHH10001001: Connection properties: {password=****, user=acc}
2025-09-26 09:28:05 INFO  [org.hibernate.orm.connections.pooling] o.hibernate.orm.connections.pooling - HHH10001003: Autocommit mode: false
2025-09-26 09:28:05 INFO  [org.hibernate.orm.connections.pooling] o.hibernate.orm.connections.pooling - HHH10001115: Connection pool size: 20 (min=1)
2025-09-26 09:28:05 WARN  [org.hibernate.orm.deprecation] org.hibernate.orm.deprecation - HHH90000025: SQLServerDialect does not need to be specified explicitly using 'hibernate.dialect' (remove the property setting and it will be selected by default)
2025-09-26 09:28:05 INFO  [org.hibernate.engine.transaction.jta.platform.internal.JtaPlatformInitiator] o.h.e.t.j.p.i.JtaPlatformInitiator - HHH000489: No JTA platform available (set 'hibernate.transaction.jta.platform' to enable JTA platform integration)
2025-09-26 09:28:05 INFO  [org.hibernate.orm.connections.access] o.hibernate.orm.connections.access - HHH10001501: Connection obtained from JdbcConnectionAccess [org.hibernate.engine.jdbc.env.internal.JdbcEnvironmentInitiator$ConnectionProviderJdbcConnectionAccess@7a70ce1c] for (non-JTA) DDL execution was not in auto-commit mode; the Connection 'local transaction' will be committed and the Connection will be set into auto-commit mode.
2025-09-26 09:28:06 INFO  [in.parthi.core.repository.ProductRepo] i.parthi.core.repository.ProductRepo - Product with id: SA-006 added to the database
2025-09-26 09:28:06 INFO  [org.hibernate.orm.connections.pooling] o.hibernate.orm.connections.pooling - HHH10001008: Cleaning up connection pool [jdbc:sqlserver://acceleratron.in:3133;databaseName=parthi_erp;encrypt=false]
2025-09-26 11:07:18 INFO  [org.hibernate.jpa.internal.util.LogHelper] o.h.jpa.internal.util.LogHelper - HHH000204: Processing PersistenceUnitInfo [name: Logistic]
2025-09-26 11:07:18 INFO  [org.hibernate.Version] org.hibernate.Version - HHH000412: Hibernate ORM core version 6.5.2.Final
2025-09-26 11:07:18 INFO  [org.hibernate.cache.internal.RegionFactoryInitiator] o.h.c.i.RegionFactoryInitiator - HHH000026: Second-level cache disabled
2025-09-26 11:07:19 WARN  [org.hibernate.orm.connections.pooling] o.hibernate.orm.connections.pooling - HHH10001002: Using built-in connection pool (not intended for production use)
2025-09-26 11:07:19 INFO  [org.hibernate.orm.connections.pooling] o.hibernate.orm.connections.pooling - HHH10001005: Loaded JDBC driver class: com.microsoft.sqlserver.jdbc.SQLServerDriver
2025-09-26 11:07:19 INFO  [org.hibernate.orm.connections.pooling] o.hibernate.orm.connections.pooling - HHH10001012: Connecting with JDBC URL [jdbc:sqlserver://acceleratron.in:3133;databaseName=parthi_erp;encrypt=false]
2025-09-26 11:07:19 INFO  [org.hibernate.orm.connections.pooling] o.hibernate.orm.connections.pooling - HHH10001001: Connection properties: {password=****, user=acc}
2025-09-26 11:07:19 INFO  [org.hibernate.orm.connections.pooling] o.hibernate.orm.connections.pooling - HHH10001003: Autocommit mode: false
2025-09-26 11:07:19 INFO  [org.hibernate.orm.connections.pooling] o.hibernate.orm.connections.pooling - HHH10001115: Connection pool size: 20 (min=1)
2025-09-26 11:07:19 WARN  [org.hibernate.orm.deprecation] org.hibernate.orm.deprecation - HHH90000025: SQLServerDialect does not need to be specified explicitly using 'hibernate.dialect' (remove the property setting and it will be selected by default)
2025-09-26 11:07:21 INFO  [org.hibernate.engine.transaction.jta.platform.internal.JtaPlatformInitiator] o.h.e.t.j.p.i.JtaPlatformInitiator - HHH000489: No JTA platform available (set 'hibernate.transaction.jta.platform' to enable JTA platform integration)
2025-09-26 11:07:21 INFO  [org.hibernate.orm.connections.access] o.hibernate.orm.connections.access - HHH10001501: Connection obtained from JdbcConnectionAccess [org.hibernate.engine.jdbc.env.internal.JdbcEnvironmentInitiator$ConnectionProviderJdbcConnectionAccess@620db88d] for (non-JTA) DDL execution was not in auto-commit mode; the Connection 'local transaction' will be committed and the Connection will be set into auto-commit mode.
2025-09-26 11:07:22 INFO  [in.parthi.core.repository.ProductRepo] i.parthi.core.repository.ProductRepo - Largest Product ID: SA-006
2025-09-26 11:07:22 INFO  [org.hibernate.orm.connections.pooling] o.hibernate.orm.connections.pooling - HHH10001008: Cleaning up connection pool [jdbc:sqlserver://acceleratron.in:3133;databaseName=parthi_erp;encrypt=false]
2025-09-26 11:09:10 INFO  [org.hibernate.jpa.internal.util.LogHelper] o.h.jpa.internal.util.LogHelper - HHH000204: Processing PersistenceUnitInfo [name: Logistic]
2025-09-26 11:09:10 INFO  [org.hibernate.cache.internal.RegionFactoryInitiator] o.h.c.i.RegionFactoryInitiator - HHH000026: Second-level cache disabled
2025-09-26 11:09:10 WARN  [org.hibernate.orm.connections.pooling] o.hibernate.orm.connections.pooling - HHH10001002: Using built-in connection pool (not intended for production use)
2025-09-26 11:09:10 INFO  [org.hibernate.orm.connections.pooling] o.hibernate.orm.connections.pooling - HHH10001005: Loaded JDBC driver class: com.microsoft.sqlserver.jdbc.SQLServerDriver
2025-09-26 11:09:10 INFO  [org.hibernate.orm.connections.pooling] o.hibernate.orm.connections.pooling - HHH10001012: Connecting with JDBC URL [jdbc:sqlserver://acceleratron.in:3133;databaseName=parthi_erp;encrypt=false]
2025-09-26 11:09:10 INFO  [org.hibernate.orm.connections.pooling] o.hibernate.orm.connections.pooling - HHH10001001: Connection properties: {password=****, user=acc}
2025-09-26 11:09:10 INFO  [org.hibernate.orm.connections.pooling] o.hibernate.orm.connections.pooling - HHH10001003: Autocommit mode: false
2025-09-26 11:09:10 INFO  [org.hibernate.orm.connections.pooling] o.hibernate.orm.connections.pooling - HHH10001115: Connection pool size: 20 (min=1)
2025-09-26 11:09:10 WARN  [org.hibernate.orm.deprecation] org.hibernate.orm.deprecation - HHH90000025: SQLServerDialect does not need to be specified explicitly using 'hibernate.dialect' (remove the property setting and it will be selected by default)
2025-09-26 11:09:10 INFO  [org.hibernate.engine.transaction.jta.platform.internal.JtaPlatformInitiator] o.h.e.t.j.p.i.JtaPlatformInitiator - HHH000489: No JTA platform available (set 'hibernate.transaction.jta.platform' to enable JTA platform integration)
2025-09-26 11:09:10 INFO  [org.hibernate.orm.connections.access] o.hibernate.orm.connections.access - HHH10001501: Connection obtained from JdbcConnectionAccess [org.hibernate.engine.jdbc.env.internal.JdbcEnvironmentInitiator$ConnectionProviderJdbcConnectionAccess@2c1c87] for (non-JTA) DDL execution was not in auto-commit mode; the Connection 'local transaction' will be committed and the Connection will be set into auto-commit mode.
2025-09-26 11:09:10 INFO  [org.hibernate.orm.connections.pooling] o.hibernate.orm.connections.pooling - HHH10001008: Cleaning up connection pool [jdbc:sqlserver://acceleratron.in:3133;databaseName=parthi_erp;encrypt=false]
2025-09-26 11:09:10 WARN  [in.parthi.core.service.ProductService] i.parthi.core.service.ProductService - Product with id: SA-007 not found in database
2025-09-26 11:09:10 INFO  [org.hibernate.jpa.internal.util.LogHelper] o.h.jpa.internal.util.LogHelper - HHH000204: Processing PersistenceUnitInfo [name: Logistic]
2025-09-26 11:09:10 INFO  [org.hibernate.cache.internal.RegionFactoryInitiator] o.h.c.i.RegionFactoryInitiator - HHH000026: Second-level cache disabled
2025-09-26 11:09:11 WARN  [org.hibernate.orm.connections.pooling] o.hibernate.orm.connections.pooling - HHH10001002: Using built-in connection pool (not intended for production use)
2025-09-26 11:09:11 INFO  [org.hibernate.orm.connections.pooling] o.hibernate.orm.connections.pooling - HHH10001005: Loaded JDBC driver class: com.microsoft.sqlserver.jdbc.SQLServerDriver
2025-09-26 11:09:11 INFO  [org.hibernate.orm.connections.pooling] o.hibernate.orm.connections.pooling - HHH10001012: Connecting with JDBC URL [jdbc:sqlserver://acceleratron.in:3133;databaseName=parthi_erp;encrypt=false]
2025-09-26 11:09:11 INFO  [org.hibernate.orm.connections.pooling] o.hibernate.orm.connections.pooling - HHH10001001: Connection properties: {password=****, user=acc}
2025-09-26 11:09:11 INFO  [org.hibernate.orm.connections.pooling] o.hibernate.orm.connections.pooling - HHH10001003: Autocommit mode: false
2025-09-26 11:09:11 INFO  [org.hibernate.orm.connections.pooling] o.hibernate.orm.connections.pooling - HHH10001115: Connection pool size: 20 (min=1)
2025-09-26 11:09:11 WARN  [org.hibernate.orm.deprecation] org.hibernate.orm.deprecation - HHH90000025: SQLServerDialect does not need to be specified explicitly using 'hibernate.dialect' (remove the property setting and it will be selected by default)
2025-09-26 11:09:11 INFO  [org.hibernate.engine.transaction.jta.platform.internal.JtaPlatformInitiator] o.h.e.t.j.p.i.JtaPlatformInitiator - HHH000489: No JTA platform available (set 'hibernate.transaction.jta.platform' to enable JTA platform integration)
2025-09-26 11:09:11 INFO  [org.hibernate.orm.connections.access] o.hibernate.orm.connections.access - HHH10001501: Connection obtained from JdbcConnectionAccess [org.hibernate.engine.jdbc.env.internal.JdbcEnvironmentInitiator$ConnectionProviderJdbcConnectionAccess@2e61196e] for (non-JTA) DDL execution was not in auto-commit mode; the Connection 'local transaction' will be committed and the Connection will be set into auto-commit mode.
2025-09-26 11:09:11 INFO  [in.parthi.core.repository.ProductRepo] i.parthi.core.repository.ProductRepo - Product with id: SA-007 added to the database
2025-09-26 11:09:11 INFO  [org.hibernate.orm.connections.pooling] o.hibernate.orm.connections.pooling - HHH10001008: Cleaning up connection pool [jdbc:sqlserver://acceleratron.in:3133;databaseName=parthi_erp;encrypt=false]
